<?xml version="1.0" encoding="UTF-8"?>
<!-- Generated by org.testng.reporters.JUnitReportReporter -->
<testsuite hostname="nipunverma" name="TestRunner.TestRunnerMMT" tests="1" failures="0" timestamp="26 Feb 2022 05:59:16 GMT" time="0.006" errors="0">
  <testcase name="feature" time="0.006" classname="TestRunner.TestRunnerMMT"/>
</testsuite> <!-- TestRunner.TestRunnerMMT -->
